Analysis & Synthesis report for Anemometre
Mon Nov 27 01:12:08 2023
Quartus Prime Version 18.1.0 Build 625 09/12/2018 SJ Lite Edition


---------------------
; Table of Contents ;
---------------------
  1. Legal Notice
  2. Analysis & Synthesis Summary
  3. Analysis & Synthesis Settings
  4. Parallel Compilation
  5. Analysis & Synthesis Messages



----------------
; Legal Notice ;
----------------
Copyright (C) 2018  Intel Corporation. All rights reserved.
Your use of Intel Corporation's design tools, logic functions 
and other software and tools, and its AMPP partner logic 
functions, and any output files from any of the foregoing 
(including device programming or simulation files), and any 
associated documentation or information are expressly subject 
to the terms and conditions of the Intel Program License 
Subscription Agreement, the Intel Quartus Prime License Agreement,
the Intel FPGA IP License Agreement, or other applicable license
agreement, including, without limitation, that your use is for
the sole purpose of programming logic devices manufactured by
Intel and sold by Intel or its authorized distributors.  Please
refer to the applicable agreement for further details.



+----------------------------------------------------------------------------------+
; Analysis & Synthesis Summary                                                     ;
+------------------------------------+---------------------------------------------+
; Analysis & Synthesis Status        ; Failed - Mon Nov 27 01:12:08 2023           ;
; Quartus Prime Version              ; 18.1.0 Build 625 09/12/2018 SJ Lite Edition ;
; Revision Name                      ; Anemometre                                  ;
; Top-level Entity Name              ; anemometre2                                 ;
; Family                             ; Cyclone IV E                                ;
; Total logic elements               ; N/A until Partition Merge                   ;
;     Total combinational functions  ; N/A until Partition Merge                   ;
;     Dedicated logic registers      ; N/A until Partition Merge                   ;
; Total registers                    ; N/A until Partition Merge                   ;
; Total pins                         ; N/A until Partition Merge                   ;
; Total virtual pins                 ; N/A until Partition Merge                   ;
; Total memory bits                  ; N/A until Partition Merge                   ;
; Embedded Multiplier 9-bit elements ; N/A until Partition Merge                   ;
; Total PLLs                         ; N/A until Partition Merge                   ;
+------------------------------------+---------------------------------------------+


+------------------------------------------------------------------------------------------------------------+
; Analysis & Synthesis Settings                                                                              ;
+------------------------------------------------------------------+--------------------+--------------------+
; Option                                                           ; Setting            ; Default Value      ;
+------------------------------------------------------------------+--------------------+--------------------+
; Device                                                           ; EP4CE22F17C6       ;                    ;
; Top-level entity name                                            ; anemometre2        ; Anemometre         ;
; Family name                                                      ; Cyclone IV E       ; Cyclone V          ;
; Use smart compilation                                            ; Off                ; Off                ;
; Enable parallel Assembler and Timing Analyzer during compilation ; On                 ; On                 ;
; Enable compact report table                                      ; Off                ; Off                ;
; Restructure Multiplexers                                         ; Auto               ; Auto               ;
; Create Debugging Nodes for IP Cores                              ; Off                ; Off                ;
; Preserve fewer node names                                        ; On                 ; On                 ;
; Intel FPGA IP Evaluation Mode                                    ; Enable             ; Enable             ;
; Verilog Version                                                  ; Verilog_2001       ; Verilog_2001       ;
; VHDL Version                                                     ; VHDL_1993          ; VHDL_1993          ;
; State Machine Processing                                         ; Auto               ; Auto               ;
; Safe State Machine                                               ; Off                ; Off                ;
; Extract Verilog State Machines                                   ; On                 ; On                 ;
; Extract VHDL State Machines                                      ; On                 ; On                 ;
; Ignore Verilog initial constructs                                ; Off                ; Off                ;
; Iteration limit for constant Verilog loops                       ; 5000               ; 5000               ;
; Iteration limit for non-constant Verilog loops                   ; 250                ; 250                ;
; Add Pass-Through Logic to Inferred RAMs                          ; On                 ; On                 ;
; Infer RAMs from Raw Logic                                        ; On                 ; On                 ;
; Parallel Synthesis                                               ; On                 ; On                 ;
; DSP Block Balancing                                              ; Auto               ; Auto               ;
; NOT Gate Push-Back                                               ; On                 ; On                 ;
; Power-Up Don't Care                                              ; On                 ; On                 ;
; Remove Redundant Logic Cells                                     ; Off                ; Off                ;
; Remove Duplicate Registers                                       ; On                 ; On                 ;
; Ignore CARRY Buffers                                             ; Off                ; Off                ;
; Ignore CASCADE Buffers                                           ; Off                ; Off                ;
; Ignore GLOBAL Buffers                                            ; Off                ; Off                ;
; Ignore ROW GLOBAL Buffers                                        ; Off                ; Off                ;
; Ignore LCELL Buffers                                             ; Off                ; Off                ;
; Ignore SOFT Buffers                                              ; On                 ; On                 ;
; Limit AHDL Integers to 32 Bits                                   ; Off                ; Off                ;
; Optimization Technique                                           ; Balanced           ; Balanced           ;
; Carry Chain Length                                               ; 70                 ; 70                 ;
; Auto Carry Chains                                                ; On                 ; On                 ;
; Auto Open-Drain Pins                                             ; On                 ; On                 ;
; Perform WYSIWYG Primitive Resynthesis                            ; Off                ; Off                ;
; Auto ROM Replacement                                             ; On                 ; On                 ;
; Auto RAM Replacement                                             ; On                 ; On                 ;
; Auto DSP Block Replacement                                       ; On                 ; On                 ;
; Auto Shift Register Replacement                                  ; Auto               ; Auto               ;
; Allow Shift Register Merging across Hierarchies                  ; Auto               ; Auto               ;
; Auto Clock Enable Replacement                                    ; On                 ; On                 ;
; Strict RAM Replacement                                           ; Off                ; Off                ;
; Allow Synchronous Control Signals                                ; On                 ; On                 ;
; Force Use of Synchronous Clear Signals                           ; Off                ; Off                ;
; Auto RAM Block Balancing                                         ; On                 ; On                 ;
; Auto RAM to Logic Cell Conversion                                ; Off                ; Off                ;
; Auto Resource Sharing                                            ; Off                ; Off                ;
; Allow Any RAM Size For Recognition                               ; Off                ; Off                ;
; Allow Any ROM Size For Recognition                               ; Off                ; Off                ;
; Allow Any Shift Register Size For Recognition                    ; Off                ; Off                ;
; Use LogicLock Constraints during Resource Balancing              ; On                 ; On                 ;
; Ignore translate_off and synthesis_off directives                ; Off                ; Off                ;
; Timing-Driven Synthesis                                          ; On                 ; On                 ;
; Report Parameter Settings                                        ; On                 ; On                 ;
; Report Source Assignments                                        ; On                 ; On                 ;
; Report Connectivity Checks                                       ; On                 ; On                 ;
; Ignore Maximum Fan-Out Assignments                               ; Off                ; Off                ;
; Synchronization Register Chain Length                            ; 2                  ; 2                  ;
; Power Optimization During Synthesis                              ; Normal compilation ; Normal compilation ;
; HDL message level                                                ; Level2             ; Level2             ;
; Suppress Register Optimization Related Messages                  ; Off                ; Off                ;
; Number of Removed Registers Reported in Synthesis Report         ; 5000               ; 5000               ;
; Number of Swept Nodes Reported in Synthesis Report               ; 5000               ; 5000               ;
; Number of Inverted Registers Reported in Synthesis Report        ; 100                ; 100                ;
; Clock MUX Protection                                             ; On                 ; On                 ;
; Auto Gated Clock Conversion                                      ; Off                ; Off                ;
; Block Design Naming                                              ; Auto               ; Auto               ;
; SDC constraint protection                                        ; Off                ; Off                ;
; Synthesis Effort                                                 ; Auto               ; Auto               ;
; Shift Register Replacement - Allow Asynchronous Clear Signal     ; On                 ; On                 ;
; Pre-Mapping Resynthesis Optimization                             ; Off                ; Off                ;
; Analysis & Synthesis Message Level                               ; Medium             ; Medium             ;
; Disable Register Merging Across Hierarchies                      ; Auto               ; Auto               ;
; Resource Aware Inference For Block RAM                           ; On                 ; On                 ;
+------------------------------------------------------------------+--------------------+--------------------+


+------------------------------------------+
; Parallel Compilation                     ;
+----------------------------+-------------+
; Processors                 ; Number      ;
+----------------------------+-------------+
; Number detected on machine ; 12          ;
; Maximum allowed            ; 6           ;
;                            ;             ;
; Average used               ; 1.00        ;
; Maximum used               ; 1           ;
;                            ;             ;
; Usage by Processor         ; % Time Used ;
;     Processor 1            ; 100.0%      ;
+----------------------------+-------------+


+-------------------------------+
; Analysis & Synthesis Messages ;
+-------------------------------+
Info: *******************************************************************
Info: Running Quartus Prime Analysis & Synthesis
    Info: Version 18.1.0 Build 625 09/12/2018 SJ Lite Edition
    Info: Processing started: Mon Nov 27 01:11:55 2023
Info: Command: quartus_map --read_settings_files=on --write_settings_files=off Anemometre -c Anemometre
Warning (18236): Number of processors has not been specified which may cause overloading on shared machines.  Set the global assignment NUM_PARALLEL_PROCESSORS in your QSF to an appropriate value for best performance.
Info (20030): Parallel compilation is enabled and will use 6 of the 6 processors detected
Info (12021): Found 2 design units, including 1 entities, in source file anemometre2.vhd
    Info (12022): Found design unit 1: anemometre1-bdf_type File: C:/Users/Abderrahmane/Desktop/BE-VHDL-SME-B5-main/BE/Anemo+avalon/anemometre/anemometre2.vhd Line: 17
    Info (12023): Found entity 1: anemometre1 File: C:/Users/Abderrahmane/Desktop/BE-VHDL-SME-B5-main/BE/Anemo+avalon/anemometre/anemometre2.vhd Line: 4
Info (12021): Found 2 design units, including 1 entities, in source file diviseur2.vhd
    Info (12022): Found design unit 1: diviseur2-arch_1Hz File: C:/Users/Abderrahmane/Desktop/BE-VHDL-SME-B5-main/BE/Anemo+avalon/anemometre/diviseur2.vhd Line: 12
    Info (12023): Found entity 1: diviseur2 File: C:/Users/Abderrahmane/Desktop/BE-VHDL-SME-B5-main/BE/Anemo+avalon/anemometre/diviseur2.vhd Line: 5
Info (12021): Found 2 design units, including 1 entities, in source file counter2.vhd
    Info (12022): Found design unit 1: counter2-arch_counter File: C:/Users/Abderrahmane/Desktop/BE-VHDL-SME-B5-main/BE/Anemo+avalon/anemometre/counter2.vhd Line: 14
    Info (12023): Found entity 1: counter2 File: C:/Users/Abderrahmane/Desktop/BE-VHDL-SME-B5-main/BE/Anemo+avalon/anemometre/counter2.vhd Line: 5
Info (12021): Found 2 design units, including 1 entities, in source file anemo.vhd
    Info (12022): Found design unit 1: anemo-arch_la_fct File: C:/Users/Abderrahmane/Desktop/BE-VHDL-SME-B5-main/BE/Anemo+avalon/anemometre/anemo.vhd Line: 18
    Info (12023): Found entity 1: anemo File: C:/Users/Abderrahmane/Desktop/BE-VHDL-SME-B5-main/BE/Anemo+avalon/anemometre/anemo.vhd Line: 5
Info (12021): Found 2 design units, including 1 entities, in source file anemometre2_vhd_tst.vhd
    Info (12022): Found design unit 1: anemometre2_vhd_tst-anemometre2_arch File: C:/Users/Abderrahmane/Desktop/BE-VHDL-SME-B5-main/BE/Anemo+avalon/anemometre/anemometre2_vhd_tst.vhd Line: 6
    Info (12023): Found entity 1: anemometre2_vhd_tst File: C:/Users/Abderrahmane/Desktop/BE-VHDL-SME-B5-main/BE/Anemo+avalon/anemometre/anemometre2_vhd_tst.vhd Line: 4
Warning (12125): Using design file anemometre2.bdf, which is not specified as a design file for the current project, but contains definitions for 1 design units and 1 entities in project
    Info (12023): Found entity 1: anemometre2
Info (12127): Elaborating entity "anemometre2" for the top level hierarchy
Info (12128): Elaborating entity "anemo" for hierarchy "anemo:inst1"
Warning (10492): VHDL Process Statement warning at anemo.vhd(23): signal "raz_n" is read inside the Process Statement but isn't in the Process Statement's sensitivity list File: C:/Users/Abderrahmane/Desktop/BE-VHDL-SME-B5-main/BE/Anemo+avalon/anemometre/anemo.vhd Line: 23
Info (12128): Elaborating entity "diviseur2" for hierarchy "diviseur2:inst2"
Warning (10492): VHDL Process Statement warning at diviseur2.vhd(25): signal "tmp" is read inside the Process Statement but isn't in the Process Statement's sensitivity list File: C:/Users/Abderrahmane/Desktop/BE-VHDL-SME-B5-main/BE/Anemo+avalon/anemometre/diviseur2.vhd Line: 25
Info (12128): Elaborating entity "counter2" for hierarchy "counter2:inst"
Warning (10492): VHDL Process Statement warning at counter2.vhd(42): signal "in_freq_anemo" is read inside the Process Statement but isn't in the Process Statement's sensitivity list File: C:/Users/Abderrahmane/Desktop/BE-VHDL-SME-B5-main/BE/Anemo+avalon/anemometre/counter2.vhd Line: 42
Error (12002): Port "clk_50" does not exist in macrofunction "inst"
Error (12002): Port "in_freq" does not exist in macrofunction "inst"
Error (12002): Port "clk_50" does not exist in macrofunction "inst2"
Error (12002): Port "hz" does not exist in macrofunction "inst2"
Error (12002): Port "HZ" does not exist in macrofunction "inst1"
Error (12002): Port "clk_50" does not exist in macrofunction "inst1"
Error: Quartus Prime Analysis & Synthesis was unsuccessful. 6 errors, 5 warnings
    Error: Peak virtual memory: 4783 megabytes
    Error: Processing ended: Mon Nov 27 01:12:08 2023
    Error: Elapsed time: 00:00:13
    Error: Total CPU time (on all processors): 00:00:11


